Using pre-set license
Built from '2020.3/staging' branch; Version is '2020.3.11f1 (99c7afb366b3) revision 10078127'; Using compiler version '192528614'; Build Type 'Release'
OS: 'Windows 10 Pro; OS build 17134.648; Version 1803; 64bit' Language: 'en' Physical Memory: 8139 MB
BatchMode: 1, IsHumanControllingUs: 0, StartBugReporterOnCrash: 0, Is64bit: 1, IsPro: 0

 COMMAND LINE ARGUMENTS:
C:\Program Files\Unity\Hub\Editor\2020.3.11f1\Editor\Unity.exe
-adb2
-batchMode
-noUpm
-name
AssetImportWorker0
-projectPath
D:/3D + game development/game development/Unity Projects/3D Racing Cars/3D-Racing-Cars-/3D Racing Car
-logFile
Logs/AssetImportWorker0.log
-srvPort
62988
Successfully changed project path to: D:/3D + game development/game development/Unity Projects/3D Racing Cars/3D-Racing-Cars-/3D Racing Car
D:/3D + game development/game development/Unity Projects/3D Racing Cars/3D-Racing-Cars-/3D Racing Car
Using Asset Import Pipeline V2.
Refreshing native plugins compatible for Editor in 51.95 ms, found 2 plugins.
Preloading 0 native plugins for Editor in 0.00 ms.
Initialize engine version: 2020.3.11f1 (99c7afb366b3)
[Subsystems] Discovering subsystems at path C:/Program Files/Unity/Hub/Editor/2020.3.11f1/Editor/Data/Resources/UnitySubsystems
[Subsystems] Discovering subsystems at path D:/3D + game development/game development/Unity Projects/3D Racing Cars/3D-Racing-Cars-/3D Racing Car/Assets
GfxDevice: creating device client; threaded=0
Direct3D:
    Version:  Direct3D 11.0 [level 10.1]
    Renderer: Intel(R) HD Graphics 3000 (ID=0x116)
    Vendor:   
    VRAM:     128 MB
    Driver:   9.17.10.4229
Initialize mono
Mono path[0] = 'C:/Program Files/Unity/Hub/Editor/2020.3.11f1/Editor/Data/Managed'
Mono path[1] = 'C:/Program Files/Unity/Hub/Editor/2020.3.11f1/Editor/Data/MonoBleedingEdge/lib/mono/unityjit'
Mono config path = 'C:/Program Files/Unity/Hub/Editor/2020.3.11f1/Editor/Data/MonoBleedingEdge/etc'
Using monoOptions --debugger-agent=transport=dt_socket,embedding=1,server=y,suspend=n,address=127.0.0.1:56332
Begin MonoManager ReloadAssembly
Registering precompiled unity dll's ...
Register platform support module: C:/Program Files/Unity/Hub/Editor/2020.3.11f1/Editor/Data/PlaybackEngines/WebGLSupport/UnityEditor.WebGL.Extensions.dll
Register platform support module: C:/Program Files/Unity/Hub/Editor/2020.3.11f1/Editor/Data/PlaybackEngines/WindowsStandaloneSupport/UnityEditor.WindowsStandalone.Extensions.dll
Registered in 0.003576 seconds.
Native extension for WindowsStandalone target not found
Native extension for WebGL target not found
Refreshing native plugins compatible for Editor in 56.76 ms, found 2 plugins.
Preloading 0 native plugins for Editor in 0.00 ms.
Mono: successfully reloaded assembly
- Completed reload, in  3.293 seconds
Platform modules already initialized, skipping
Registering precompiled user dll's ...
Registered in 0.005702 seconds.
Begin MonoManager ReloadAssembly
Native extension for WindowsStandalone target not found
Native extension for WebGL target not found
Refreshing native plugins compatible for Editor in 0.54 ms, found 2 plugins.
Preloading 0 native plugins for Editor in 0.00 ms.
Mono: successfully reloaded assembly
- Completed reload, in  1.824 seconds
Platform modules already initialized, skipping
========================================================================
Worker process is ready to serve import requests
Launched and connected shader compiler UnityShaderCompiler.exe after 0.05 seconds
Refreshing native plugins compatible for Editor in 0.73 ms, found 2 plugins.
Preloading 0 native plugins for Editor in 0.00 ms.
Unloading 1412 Unused Serialized files (Serialized files now loaded: 0)
System memory in use before: 80.8 MB.
System memory in use after: 80.8 MB.

Unloading 19 unused Assets to reduce memory usage. Loaded Objects now: 1872.
Total: 3.883550 ms (FindLiveObjects: 0.219992 ms CreateObjectMapping: 0.081660 ms MarkObjects: 3.297648 ms  DeleteObjects: 0.281126 ms)

========================================================================
Received Import Request.
  path: Assets/Objects/75-mgs_barriers/barrier2.fbx
  artifactKey: Guid(0f15a67d069530a4182d3843e8bb667e) Importer(815301076,1909f56bfc062723c751e8b465ee728b)
Start importing Assets/Objects/75-mgs_barriers/barrier2.fbx using Guid(0f15a67d069530a4182d3843e8bb667e) Importer(815301076,1909f56bfc062723c751e8b465ee728b)  -> (artifact id: '4e46d7cc20f9753f9e0c66b79b5483f8') in 0.308292 seconds
  Import took 0.312862 seconds .

========================================================================
Received Import Request.
  Time since last request: 56.466941 seconds.
  path: Assets/Objects/75-mgs_barriers/barrier2 1.prefab
  artifactKey: Guid(58016e2b28872b84a805bf2662ecd3f7) Importer(815301076,1909f56bfc062723c751e8b465ee728b)
Start importing Assets/Objects/75-mgs_barriers/barrier2 1.prefab using Guid(58016e2b28872b84a805bf2662ecd3f7) Importer(815301076,1909f56bfc062723c751e8b465ee728b)  -> (artifact id: 'bfcf5c48003937b10c6f109e9be318b2') in 0.041600 seconds
  Import took 0.046434 seconds .

========================================================================
Received Import Request.
  Time since last request: 124.586890 seconds.
  path: Assets/Objects/75-mgs_barriers/barrier2 1.prefab
  artifactKey: Guid(58016e2b28872b84a805bf2662ecd3f7) Importer(815301076,1909f56bfc062723c751e8b465ee728b)
Start importing Assets/Objects/75-mgs_barriers/barrier2 1.prefab using Guid(58016e2b28872b84a805bf2662ecd3f7) Importer(815301076,1909f56bfc062723c751e8b465ee728b)  -> (artifact id: '6e280ba717f316dd4551bc739f1be7e5') in 0.105364 seconds
  Import took 0.121507 seconds .

========================================================================
Received Import Request.
  Time since last request: 11.711035 seconds.
  path: Assets/Objects/75-mgs_barriers/barrier2 1.prefab
  artifactKey: Guid(58016e2b28872b84a805bf2662ecd3f7) Importer(815301076,1909f56bfc062723c751e8b465ee728b)
Start importing Assets/Objects/75-mgs_barriers/barrier2 1.prefab using Guid(58016e2b28872b84a805bf2662ecd3f7) Importer(815301076,1909f56bfc062723c751e8b465ee728b)  -> (artifact id: 'e6326978bb73eccb4c7198e8a5ac5030') in 0.040379 seconds
  Import took 0.046400 seconds .

========================================================================
Received Prepare
Registering precompiled user dll's ...
Registered in 0.007268 seconds.
Begin MonoManager ReloadAssembly
Native extension for WindowsStandalone target not found
Native extension for WebGL target not found
Refreshing native plugins compatible for Editor in 0.61 ms, found 2 plugins.
Preloading 0 native plugins for Editor in 0.00 ms.
Mono: successfully reloaded assembly
- Completed reload, in  2.022 seconds
Platform modules already initialized, skipping
Refreshing native plugins compatible for Editor in 0.61 ms, found 2 plugins.
Preloading 0 native plugins for Editor in 0.00 ms.
Unloading 1404 Unused Serialized files (Serialized files now loaded: 0)
System memory in use before: 83.9 MB.
System memory in use after: 83.9 MB.

Unloading 14 unused Assets to reduce memory usage. Loaded Objects now: 1918.
Total: 3.475248 ms (FindLiveObjects: 0.215083 ms CreateObjectMapping: 0.082107 ms MarkObjects: 3.033479 ms  DeleteObjects: 0.140563 ms)

========================================================================
Received Prepare
Registering precompiled user dll's ...
Registered in 0.006971 seconds.
Begin MonoManager ReloadAssembly
Native extension for WindowsStandalone target not found
Native extension for WebGL target not found
Refreshing native plugins compatible for Editor in 0.84 ms, found 2 plugins.
Preloading 0 native plugins for Editor in 0.00 ms.
Mono: successfully reloaded assembly
- Completed reload, in  3.424 seconds
Platform modules already initialized, skipping
Refreshing native plugins compatible for Editor in 0.61 ms, found 2 plugins.
Preloading 0 native plugins for Editor in 0.00 ms.
Unloading 1404 Unused Serialized files (Serialized files now loaded: 0)
System memory in use before: 83.9 MB.
System memory in use after: 84.0 MB.

Unloading 14 unused Assets to reduce memory usage. Loaded Objects now: 1921.
Total: 4.071859 ms (FindLiveObjects: 0.383759 ms CreateObjectMapping: 0.248105 ms MarkObjects: 3.139236 ms  DeleteObjects: 0.298082 ms)

========================================================================
Received Prepare
Registering precompiled user dll's ...
Registered in 0.006016 seconds.
Begin MonoManager ReloadAssembly
Native extension for WindowsStandalone target not found
Native extension for WebGL target not found
Refreshing native plugins compatible for Editor in 0.60 ms, found 2 plugins.
Preloading 0 native plugins for Editor in 0.00 ms.
Mono: successfully reloaded assembly
- Completed reload, in  2.073 seconds
Platform modules already initialized, skipping
Refreshing native plugins compatible for Editor in 0.56 ms, found 2 plugins.
Preloading 0 native plugins for Editor in 0.00 ms.
Unloading 1404 Unused Serialized files (Serialized files now loaded: 0)
System memory in use before: 83.9 MB.
System memory in use after: 84.0 MB.

Unloading 14 unused Assets to reduce memory usage. Loaded Objects now: 1924.
Total: 3.390911 ms (FindLiveObjects: 0.217315 ms CreateObjectMapping: 0.066488 ms MarkObjects: 2.928615 ms  DeleteObjects: 0.176708 ms)

========================================================================
Received Import Request.
  Time since last request: 4829.912364 seconds.
  path: Assets/Textures
  artifactKey: Guid(60b8fd4f9d7c4504e843a7ea18689d36) Importer(815301076,1909f56bfc062723c751e8b465ee728b)
Start importing Assets/Textures using Guid(60b8fd4f9d7c4504e843a7ea18689d36) Importer(815301076,1909f56bfc062723c751e8b465ee728b)  -> (artifact id: '78a8911a7f8646bf29410ef46e2e163c') in 0.018053 seconds
  Import took 0.052836 seconds .

========================================================================
Received Import Request.
  Time since last request: 0.012614 seconds.
  path: Assets/Textures
  artifactKey: Guid(60b8fd4f9d7c4504e843a7ea18689d36) Importer(815301076,1909f56bfc062723c751e8b465ee728b)
Start importing Assets/Textures using Guid(60b8fd4f9d7c4504e843a7ea18689d36) Importer(815301076,1909f56bfc062723c751e8b465ee728b)  -> (artifact id: '78a8911a7f8646bf29410ef46e2e163c') in 0.004634 seconds
  Import took 0.018801 seconds .

========================================================================
Received Import Request.
  Time since last request: 227.503722 seconds.
  path: Assets/Standard Assets/Vehicles/Car/CarGuidelines.txt
  artifactKey: Guid(c51c09bcabc8c1441afe23a1da5fb6d8) Importer(815301076,1909f56bfc062723c751e8b465ee728b)
Start importing Assets/Standard Assets/Vehicles/Car/CarGuidelines.txt using Guid(c51c09bcabc8c1441afe23a1da5fb6d8) Importer(815301076,1909f56bfc062723c751e8b465ee728b)  -> (artifact id: '6b349a694f20fb8f4cf828b262356dd4') in 0.048892 seconds
  Import took 0.078734 seconds .

========================================================================
Received Import Request.
  Time since last request: 32.938919 seconds.
  path: Assets/Terrain Layers/NewLayer.terrainlayer
  artifactKey: Guid(22e035c0f9116b745acb6a9f19948c66) Importer(815301076,1909f56bfc062723c751e8b465ee728b)
Start importing Assets/Terrain Layers/NewLayer.terrainlayer using Guid(22e035c0f9116b745acb6a9f19948c66) Importer(815301076,1909f56bfc062723c751e8b465ee728b)  -> (artifact id: '8e873a8feb22cf3f682321095f851279') in 0.246440 seconds
  Import took 0.261216 seconds .

========================================================================
Received Prepare
Registering precompiled user dll's ...
Registered in 0.006953 seconds.
Begin MonoManager ReloadAssembly
Native extension for WindowsStandalone target not found
Native extension for WebGL target not found
Refreshing native plugins compatible for Editor in 0.69 ms, found 2 plugins.
Preloading 0 native plugins for Editor in 0.00 ms.
Mono: successfully reloaded assembly
- Completed reload, in  2.688 seconds
Platform modules already initialized, skipping
Refreshing native plugins compatible for Editor in 0.85 ms, found 2 plugins.
Preloading 0 native plugins for Editor in 0.00 ms.
Unloading 1404 Unused Serialized files (Serialized files now loaded: 0)
System memory in use before: 84.0 MB.
System memory in use after: 84.0 MB.

Unloading 14 unused Assets to reduce memory usage. Loaded Objects now: 1930.
Total: 3.594838 ms (FindLiveObjects: 0.223116 ms CreateObjectMapping: 0.082107 ms MarkObjects: 3.131650 ms  DeleteObjects: 0.155288 ms)

========================================================================
Received Import Request.
  Time since last request: 2166.727867 seconds.
  path: Assets/Scipts/HalfPointTrig.cs
  artifactKey: Guid(41b9ed15bc911dd40a5d892e0cb7530d) Importer(815301076,1909f56bfc062723c751e8b465ee728b)
Start importing Assets/Scipts/HalfPointTrig.cs using Guid(41b9ed15bc911dd40a5d892e0cb7530d) Importer(815301076,1909f56bfc062723c751e8b465ee728b)  -> (artifact id: 'e929e10dd396b76144d6a5edf346543f') in 0.059090 seconds
  Import took 0.136573 seconds .

========================================================================
Received Import Request.
  Time since last request: 0.011468 seconds.
  path: Assets/Scipts/HalfPointTrig.cs
  artifactKey: Guid(41b9ed15bc911dd40a5d892e0cb7530d) Importer(815301076,1909f56bfc062723c751e8b465ee728b)
Start importing Assets/Scipts/HalfPointTrig.cs using Guid(41b9ed15bc911dd40a5d892e0cb7530d) Importer(815301076,1909f56bfc062723c751e8b465ee728b)  -> (artifact id: 'e929e10dd396b76144d6a5edf346543f') in 0.028927 seconds
  Import took 0.039165 seconds .

========================================================================
Received Prepare
Registering precompiled user dll's ...
Registered in 0.006463 seconds.
Begin MonoManager ReloadAssembly
Native extension for WindowsStandalone target not found
Native extension for WebGL target not found
Refreshing native plugins compatible for Editor in 0.58 ms, found 2 plugins.
Preloading 0 native plugins for Editor in 0.00 ms.
Mono: successfully reloaded assembly
- Completed reload, in  1.699 seconds
Platform modules already initialized, skipping
Refreshing native plugins compatible for Editor in 0.54 ms, found 2 plugins.
Preloading 0 native plugins for Editor in 0.00 ms.
Unloading 1405 Unused Serialized files (Serialized files now loaded: 0)
System memory in use before: 84.0 MB.
System memory in use after: 84.1 MB.

Unloading 14 unused Assets to reduce memory usage. Loaded Objects now: 1934.
Total: 3.128080 ms (FindLiveObjects: 0.214637 ms CreateObjectMapping: 0.070951 ms MarkObjects: 2.703268 ms  DeleteObjects: 0.136993 ms)

========================================================================
Received Import Request.
  Time since last request: 151.110959 seconds.
  path: Assets/Scipts/HalfPointTrig.cs
  artifactKey: Guid(41b9ed15bc911dd40a5d892e0cb7530d) Importer(815301076,1909f56bfc062723c751e8b465ee728b)
Start importing Assets/Scipts/HalfPointTrig.cs using Guid(41b9ed15bc911dd40a5d892e0cb7530d) Importer(815301076,1909f56bfc062723c751e8b465ee728b)  -> (artifact id: 'd743b9e1169abe5fa329c6236b6dab69') in 0.008043 seconds
  Import took 0.044028 seconds .

========================================================================
Received Prepare
Registering precompiled user dll's ...
Registered in 0.007331 seconds.
Begin MonoManager ReloadAssembly
Native extension for WindowsStandalone target not found
Native extension for WebGL target not found
Refreshing native plugins compatible for Editor in 0.55 ms, found 2 plugins.
Preloading 0 native plugins for Editor in 0.00 ms.
Mono: successfully reloaded assembly
- Completed reload, in  1.980 seconds
Platform modules already initialized, skipping
Refreshing native plugins compatible for Editor in 0.58 ms, found 2 plugins.
Preloading 0 native plugins for Editor in 0.00 ms.
Unloading 1405 Unused Serialized files (Serialized files now loaded: 0)
System memory in use before: 84.0 MB.
System memory in use after: 84.1 MB.

Unloading 14 unused Assets to reduce memory usage. Loaded Objects now: 1937.
Total: 3.155747 ms (FindLiveObjects: 0.197680 ms CreateObjectMapping: 0.066935 ms MarkObjects: 2.753246 ms  DeleteObjects: 0.136547 ms)

========================================================================
Received Prepare
Registering precompiled user dll's ...
Registered in 0.004591 seconds.
Begin MonoManager ReloadAssembly
Native extension for WindowsStandalone target not found
Native extension for WebGL target not found
Refreshing native plugins compatible for Editor in 0.58 ms, found 2 plugins.
Preloading 0 native plugins for Editor in 0.00 ms.
Mono: successfully reloaded assembly
- Completed reload, in  1.792 seconds
Platform modules already initialized, skipping
Refreshing native plugins compatible for Editor in 0.70 ms, found 2 plugins.
Preloading 0 native plugins for Editor in 0.00 ms.
Unloading 1405 Unused Serialized files (Serialized files now loaded: 0)
System memory in use before: 84.0 MB.
System memory in use after: 84.1 MB.

Unloading 14 unused Assets to reduce memory usage. Loaded Objects now: 1940.
Total: 3.441781 ms (FindLiveObjects: 0.358770 ms CreateObjectMapping: 0.126283 ms MarkObjects: 2.829998 ms  DeleteObjects: 0.124052 ms)

========================================================================
Received Prepare
Registering precompiled user dll's ...
Registered in 0.010010 seconds.
Begin MonoManager ReloadAssembly
Native extension for WindowsStandalone target not found
Native extension for WebGL target not found
Refreshing native plugins compatible for Editor in 0.68 ms, found 2 plugins.
Preloading 0 native plugins for Editor in 0.00 ms.
Mono: successfully reloaded assembly
- Completed reload, in  2.453 seconds
Platform modules already initialized, skipping
Refreshing native plugins compatible for Editor in 0.85 ms, found 2 plugins.
Preloading 0 native plugins for Editor in 0.00 ms.
Unloading 1405 Unused Serialized files (Serialized files now loaded: 0)
System memory in use before: 84.0 MB.
System memory in use after: 84.1 MB.

Unloading 14 unused Assets to reduce memory usage. Loaded Objects now: 1943.
Total: 10.321773 ms (FindLiveObjects: 0.376173 ms CreateObjectMapping: 0.119590 ms MarkObjects: 8.792985 ms  DeleteObjects: 1.029009 ms)

========================================================================
Received Prepare
Registering precompiled user dll's ...
Registered in 0.005838 seconds.
Begin MonoManager ReloadAssembly
Native extension for WindowsStandalone target not found
Native extension for WebGL target not found
Refreshing native plugins compatible for Editor in 0.89 ms, found 2 plugins.
Preloading 0 native plugins for Editor in 0.00 ms.
Mono: successfully reloaded assembly
- Completed reload, in  2.320 seconds
Platform modules already initialized, skipping
Refreshing native plugins compatible for Editor in 0.59 ms, found 2 plugins.
Preloading 0 native plugins for Editor in 0.00 ms.
Unloading 1405 Unused Serialized files (Serialized files now loaded: 0)
System memory in use before: 84.0 MB.
System memory in use after: 84.1 MB.

Unloading 14 unused Assets to reduce memory usage. Loaded Objects now: 1946.
Total: 3.237853 ms (FindLiveObjects: 0.246320 ms CreateObjectMapping: 0.083445 ms MarkObjects: 2.756370 ms  DeleteObjects: 0.149041 ms)

========================================================================
Received Prepare
Registering precompiled user dll's ...
Registered in 0.022137 seconds.
Begin MonoManager ReloadAssembly
Native extension for WindowsStandalone target not found
Native extension for WebGL target not found
Refreshing native plugins compatible for Editor in 0.62 ms, found 2 plugins.
Preloading 0 native plugins for Editor in 0.00 ms.
Mono: successfully reloaded assembly
- Completed reload, in  2.434 seconds
Platform modules already initialized, skipping
Refreshing native plugins compatible for Editor in 0.61 ms, found 2 plugins.
Preloading 0 native plugins for Editor in 0.00 ms.
Unloading 1405 Unused Serialized files (Serialized files now loaded: 0)
System memory in use before: 84.0 MB.
System memory in use after: 84.1 MB.

Unloading 14 unused Assets to reduce memory usage. Loaded Objects now: 1949.
Total: 4.413226 ms (FindLiveObjects: 0.340921 ms CreateObjectMapping: 0.092370 ms MarkObjects: 3.835357 ms  DeleteObjects: 0.142348 ms)

========================================================================
Received Prepare
Registering precompiled user dll's ...
Registered in 0.005695 seconds.
Begin MonoManager ReloadAssembly
Native extension for WindowsStandalone target not found
Native extension for WebGL target not found
Refreshing native plugins compatible for Editor in 0.68 ms, found 2 plugins.
Preloading 0 native plugins for Editor in 0.00 ms.
Mono: successfully reloaded assembly
- Completed reload, in  2.728 seconds
Platform modules already initialized, skipping
Refreshing native plugins compatible for Editor in 0.61 ms, found 2 plugins.
Preloading 0 native plugins for Editor in 0.00 ms.
Unloading 1405 Unused Serialized files (Serialized files now loaded: 0)
System memory in use before: 84.0 MB.
System memory in use after: 84.1 MB.

Unloading 14 unused Assets to reduce memory usage. Loaded Objects now: 1952.
Total: 3.560032 ms (FindLiveObjects: 0.229809 ms CreateObjectMapping: 0.084338 ms MarkObjects: 3.018754 ms  DeleteObjects: 0.224454 ms)

========================================================================
Received Prepare
Registering precompiled user dll's ...
Registered in 0.006208 seconds.
Begin MonoManager ReloadAssembly
Native extension for WindowsStandalone target not found
Native extension for WebGL target not found
Refreshing native plugins compatible for Editor in 0.86 ms, found 2 plugins.
Preloading 0 native plugins for Editor in 0.00 ms.
Mono: successfully reloaded assembly
- Completed reload, in  2.554 seconds
Platform modules already initialized, skipping
Refreshing native plugins compatible for Editor in 0.60 ms, found 2 plugins.
Preloading 0 native plugins for Editor in 0.00 ms.
Unloading 1405 Unused Serialized files (Serialized files now loaded: 0)
System memory in use before: 84.0 MB.
System memory in use after: 84.1 MB.

Unloading 14 unused Assets to reduce memory usage. Loaded Objects now: 1955.
Total: 3.408314 ms (FindLiveObjects: 0.302991 ms CreateObjectMapping: 0.163321 ms MarkObjects: 2.788498 ms  DeleteObjects: 0.151272 ms)

========================================================================
Received Import Request.
  Time since last request: 7029.122534 seconds.
  path: Assets/Scipts/LapTimeManager.cs
  artifactKey: Guid(94a8ba0a7ec1cc54180f5c6c62042e9f) Importer(815301076,1909f56bfc062723c751e8b465ee728b)
Start importing Assets/Scipts/LapTimeManager.cs using Guid(94a8ba0a7ec1cc54180f5c6c62042e9f) Importer(815301076,1909f56bfc062723c751e8b465ee728b)  -> (artifact id: 'af6eb734952d13e6f0182234e9b53e9d') in 0.053325 seconds
  Import took 0.096108 seconds .

========================================================================
Received Prepare
Registering precompiled user dll's ...
Registered in 0.004899 seconds.
Begin MonoManager ReloadAssembly
Native extension for WindowsStandalone target not found
Native extension for WebGL target not found
Refreshing native plugins compatible for Editor in 0.51 ms, found 2 plugins.
Preloading 0 native plugins for Editor in 0.00 ms.
Mono: successfully reloaded assembly
- Completed reload, in  1.683 seconds
Platform modules already initialized, skipping
Refreshing native plugins compatible for Editor in 0.56 ms, found 2 plugins.
Preloading 0 native plugins for Editor in 0.00 ms.
Unloading 1406 Unused Serialized files (Serialized files now loaded: 0)
System memory in use before: 84.1 MB.
System memory in use after: 84.1 MB.

Unloading 14 unused Assets to reduce memory usage. Loaded Objects now: 1959.
Total: 3.019200 ms (FindLiveObjects: 0.212406 ms CreateObjectMapping: 0.070505 ms MarkObjects: 2.597065 ms  DeleteObjects: 0.136993 ms)

========================================================================
Received Prepare
Registering precompiled user dll's ...
Registered in 0.004858 seconds.
Begin MonoManager ReloadAssembly
Native extension for WindowsStandalone target not found
Native extension for WebGL target not found
Refreshing native plugins compatible for Editor in 0.56 ms, found 2 plugins.
Preloading 0 native plugins for Editor in 0.00 ms.
Mono: successfully reloaded assembly
- Completed reload, in  1.838 seconds
Platform modules already initialized, skipping
Refreshing native plugins compatible for Editor in 0.58 ms, found 2 plugins.
Preloading 0 native plugins for Editor in 0.00 ms.
Unloading 1406 Unused Serialized files (Serialized files now loaded: 0)
System memory in use before: 84.1 MB.
System memory in use after: 84.1 MB.

Unloading 14 unused Assets to reduce memory usage. Loaded Objects now: 1962.
Total: 2.979039 ms (FindLiveObjects: 0.235610 ms CreateObjectMapping: 0.070505 ms MarkObjects: 2.541286 ms  DeleteObjects: 0.129407 ms)

========================================================================
Received Import Request.
  Time since last request: 725.822349 seconds.
  path: Assets/Scipts/LapTimeManager.cs
  artifactKey: Guid(94a8ba0a7ec1cc54180f5c6c62042e9f) Importer(815301076,1909f56bfc062723c751e8b465ee728b)
Start importing Assets/Scipts/LapTimeManager.cs using Guid(94a8ba0a7ec1cc54180f5c6c62042e9f) Importer(815301076,1909f56bfc062723c751e8b465ee728b)  -> (artifact id: '211c501c7849034e30ea1a5b5bbf7432') in 0.008593 seconds
  Import took 0.035387 seconds .

========================================================================
Received Prepare
Registering precompiled user dll's ...
Registered in 0.004778 seconds.
Begin MonoManager ReloadAssembly
Native extension for WindowsStandalone target not found
Native extension for WebGL target not found
Refreshing native plugins compatible for Editor in 0.56 ms, found 2 plugins.
Preloading 0 native plugins for Editor in 0.00 ms.
Mono: successfully reloaded assembly
- Completed reload, in  1.800 seconds
Platform modules already initialized, skipping
Refreshing native plugins compatible for Editor in 0.56 ms, found 2 plugins.
Preloading 0 native plugins for Editor in 0.00 ms.
Unloading 1406 Unused Serialized files (Serialized files now loaded: 0)
System memory in use before: 84.1 MB.
System memory in use after: 84.2 MB.

Unloading 14 unused Assets to reduce memory usage. Loaded Objects now: 1965.
Total: 3.144591 ms (FindLiveObjects: 0.217761 ms CreateObjectMapping: 0.073628 ms MarkObjects: 2.715763 ms  DeleteObjects: 0.135654 ms)

========================================================================
Received Prepare
Registering precompiled user dll's ...
Registered in 0.006097 seconds.
Begin MonoManager ReloadAssembly
Native extension for WindowsStandalone target not found
Native extension for WebGL target not found
Refreshing native plugins compatible for Editor in 0.63 ms, found 2 plugins.
Preloading 0 native plugins for Editor in 0.00 ms.
Mono: successfully reloaded assembly
- Completed reload, in  2.034 seconds
Platform modules already initialized, skipping
Refreshing native plugins compatible for Editor in 0.66 ms, found 2 plugins.
Preloading 0 native plugins for Editor in 0.00 ms.
Unloading 1406 Unused Serialized files (Serialized files now loaded: 0)
System memory in use before: 84.1 MB.
System memory in use after: 84.2 MB.

Unloading 14 unused Assets to reduce memory usage. Loaded Objects now: 1968.
Total: 3.390464 ms (FindLiveObjects: 0.232040 ms CreateObjectMapping: 0.091031 ms MarkObjects: 2.876852 ms  DeleteObjects: 0.187863 ms)

========================================================================
Received Import Request.
  Time since last request: 594.598879 seconds.
  path: Assets/Scipts/BestLapTime.cs
  artifactKey: Guid(55d5bdbaddd99e24eb279562cf8ff08a) Importer(815301076,1909f56bfc062723c751e8b465ee728b)
Start importing Assets/Scipts/BestLapTime.cs using Guid(55d5bdbaddd99e24eb279562cf8ff08a) Importer(815301076,1909f56bfc062723c751e8b465ee728b)  -> (artifact id: 'dc880623ee8a63f91654336c27dcece8') in 0.025901 seconds
  Import took 0.055817 seconds .

========================================================================
Received Prepare
Registering precompiled user dll's ...
Registered in 0.004761 seconds.
Begin MonoManager ReloadAssembly
Native extension for WindowsStandalone target not found
Native extension for WebGL target not found
Refreshing native plugins compatible for Editor in 0.58 ms, found 2 plugins.
Preloading 0 native plugins for Editor in 0.00 ms.
Mono: successfully reloaded assembly
- Completed reload, in  1.939 seconds
Platform modules already initialized, skipping
Refreshing native plugins compatible for Editor in 0.81 ms, found 2 plugins.
Preloading 0 native plugins for Editor in 0.00 ms.
Unloading 1407 Unused Serialized files (Serialized files now loaded: 0)
System memory in use before: 84.1 MB.
System memory in use after: 84.2 MB.

Unloading 14 unused Assets to reduce memory usage. Loaded Objects now: 1972.
Total: 5.900515 ms (FindLiveObjects: 0.337797 ms CreateObjectMapping: 0.098171 ms MarkObjects: 5.204840 ms  DeleteObjects: 0.253906 ms)

========================================================================
Received Prepare
Registering precompiled user dll's ...
Registered in 0.009739 seconds.
Begin MonoManager ReloadAssembly
Native extension for WindowsStandalone target not found
Native extension for WebGL target not found
Refreshing native plugins compatible for Editor in 0.61 ms, found 2 plugins.
Preloading 0 native plugins for Editor in 0.00 ms.
Mono: successfully reloaded assembly
- Completed reload, in  2.621 seconds
Platform modules already initialized, skipping
Refreshing native plugins compatible for Editor in 0.77 ms, found 2 plugins.
Preloading 0 native plugins for Editor in 0.00 ms.
Unloading 1407 Unused Serialized files (Serialized files now loaded: 0)
System memory in use before: 84.1 MB.
System memory in use after: 84.2 MB.

Unloading 14 unused Assets to reduce memory usage. Loaded Objects now: 1975.
Total: 4.884000 ms (FindLiveObjects: 0.367248 ms CreateObjectMapping: 0.111112 ms MarkObjects: 4.210637 ms  DeleteObjects: 0.190987 ms)

========================================================================
Received Prepare
Registering precompiled user dll's ...
Registered in 0.006981 seconds.
Begin MonoManager ReloadAssembly
Native extension for WindowsStandalone target not found
Native extension for WebGL target not found
Refreshing native plugins compatible for Editor in 0.79 ms, found 2 plugins.
Preloading 0 native plugins for Editor in 0.00 ms.
Mono: successfully reloaded assembly
- Completed reload, in  2.985 seconds
Platform modules already initialized, skipping
Refreshing native plugins compatible for Editor in 0.74 ms, found 2 plugins.
Preloading 0 native plugins for Editor in 0.00 ms.
Unloading 1407 Unused Serialized files (Serialized files now loaded: 0)
System memory in use before: 84.1 MB.
System memory in use after: 84.2 MB.

Unloading 14 unused Assets to reduce memory usage. Loaded Objects now: 1978.
Total: 4.929069 ms (FindLiveObjects: 0.406070 ms CreateObjectMapping: 0.265508 ms MarkObjects: 4.067397 ms  DeleteObjects: 0.186525 ms)

========================================================================
Received Import Request.
  Time since last request: 1101.398993 seconds.
  path: Assets/Scipts/BestLapTime.cs
  artifactKey: Guid(55d5bdbaddd99e24eb279562cf8ff08a) Importer(815301076,1909f56bfc062723c751e8b465ee728b)
Start importing Assets/Scipts/BestLapTime.cs using Guid(55d5bdbaddd99e24eb279562cf8ff08a) Importer(815301076,1909f56bfc062723c751e8b465ee728b)  -> (artifact id: 'ea3cf72c18b8f753d622eacd28f6bd65') in 0.012807 seconds
  Import took 0.041739 seconds .

========================================================================
Received Prepare
Registering precompiled user dll's ...
Registered in 0.006602 seconds.
Begin MonoManager ReloadAssembly
Native extension for WindowsStandalone target not found
Native extension for WebGL target not found
Refreshing native plugins compatible for Editor in 0.59 ms, found 2 plugins.
Preloading 0 native plugins for Editor in 0.00 ms.
Mono: successfully reloaded assembly
- Completed reload, in  1.870 seconds
Platform modules already initialized, skipping
Refreshing native plugins compatible for Editor in 0.56 ms, found 2 plugins.
Preloading 0 native plugins for Editor in 0.00 ms.
Unloading 1407 Unused Serialized files (Serialized files now loaded: 0)
System memory in use before: 84.1 MB.
System memory in use after: 84.2 MB.

Unloading 14 unused Assets to reduce memory usage. Loaded Objects now: 1981.
Total: 4.502919 ms (FindLiveObjects: 0.330657 ms CreateObjectMapping: 0.091031 ms MarkObjects: 3.943791 ms  DeleteObjects: 0.136101 ms)

========================================================================
Received Import Request.
  Time since last request: 105.795163 seconds.
  path: Assets/Scipts/BestLapTime.cs
  artifactKey: Guid(55d5bdbaddd99e24eb279562cf8ff08a) Importer(815301076,1909f56bfc062723c751e8b465ee728b)
Start importing Assets/Scipts/BestLapTime.cs using Guid(55d5bdbaddd99e24eb279562cf8ff08a) Importer(815301076,1909f56bfc062723c751e8b465ee728b)  -> (artifact id: '79877ba707ee0024b4645db25a8e3f80') in 0.011880 seconds
  Import took 0.052626 seconds .

========================================================================
Received Prepare
Registering precompiled user dll's ...
Registered in 0.007739 seconds.
Begin MonoManager ReloadAssembly
Native extension for WindowsStandalone target not found
Native extension for WebGL target not found
Refreshing native plugins compatible for Editor in 0.60 ms, found 2 plugins.
Preloading 0 native plugins for Editor in 0.00 ms.
Mono: successfully reloaded assembly
- Completed reload, in  2.083 seconds
Platform modules already initialized, skipping
Refreshing native plugins compatible for Editor in 0.85 ms, found 2 plugins.
Preloading 0 native plugins for Editor in 0.00 ms.
Unloading 1407 Unused Serialized files (Serialized files now loaded: 0)
System memory in use before: 84.1 MB.
System memory in use after: 84.2 MB.

Unloading 14 unused Assets to reduce memory usage. Loaded Objects now: 1984.
Total: 4.552896 ms (FindLiveObjects: 0.448909 ms CreateObjectMapping: 0.134316 ms MarkObjects: 3.817508 ms  DeleteObjects: 0.149934 ms)

========================================================================
Received Prepare
Registering precompiled user dll's ...
Registered in 0.011340 seconds.
Begin MonoManager ReloadAssembly
Native extension for WindowsStandalone target not found
Native extension for WebGL target not found
Refreshing native plugins compatible for Editor in 0.69 ms, found 2 plugins.
Preloading 0 native plugins for Editor in 0.00 ms.
Mono: successfully reloaded assembly
- Completed reload, in  2.570 seconds
Platform modules already initialized, skipping
Refreshing native plugins compatible for Editor in 0.55 ms, found 2 plugins.
Preloading 0 native plugins for Editor in 0.00 ms.
Unloading 1407 Unused Serialized files (Serialized files now loaded: 0)
System memory in use before: 84.1 MB.
System memory in use after: 84.2 MB.

Unloading 14 unused Assets to reduce memory usage. Loaded Objects now: 1987.
Total: 3.245885 ms (FindLiveObjects: 0.221331 ms CreateObjectMapping: 0.071843 ms MarkObjects: 2.812149 ms  DeleteObjects: 0.138332 ms)

========================================================================
Received Import Request.
  Time since last request: 12910.565029 seconds.
  path: Assets/Scipts/CountDown.cs
  artifactKey: Guid(bb0f4eec98bc8e24594ae016a233d400) Importer(815301076,1909f56bfc062723c751e8b465ee728b)
Start importing Assets/Scipts/CountDown.cs using Guid(bb0f4eec98bc8e24594ae016a233d400) Importer(815301076,1909f56bfc062723c751e8b465ee728b)  -> (artifact id: 'de75f3b8fc96aa71ad297cf4ff03f103') in 1.419866 seconds
  Import took 1.640264 seconds .

========================================================================
Received Prepare
Registering precompiled user dll's ...
Registered in 0.006440 seconds.
Begin MonoManager ReloadAssembly
Native extension for WindowsStandalone target not found
Native extension for WebGL target not found
Refreshing native plugins compatible for Editor in 0.91 ms, found 2 plugins.
Preloading 0 native plugins for Editor in 0.00 ms.
Mono: successfully reloaded assembly
- Completed reload, in  2.643 seconds
Platform modules already initialized, skipping
Refreshing native plugins compatible for Editor in 0.62 ms, found 2 plugins.
Preloading 0 native plugins for Editor in 0.00 ms.
Unloading 1408 Unused Serialized files (Serialized files now loaded: 0)
System memory in use before: 84.2 MB.
System memory in use after: 84.3 MB.

Unloading 14 unused Assets to reduce memory usage. Loaded Objects now: 1991.
Total: 3.630090 ms (FindLiveObjects: 0.275325 ms CreateObjectMapping: 0.083445 ms MarkObjects: 3.016076 ms  DeleteObjects: 0.253459 ms)

========================================================================
Received Import Request.
  Time since last request: 245.807263 seconds.
  path: Assets/Scripts
  artifactKey: Guid(1efb62dc8f359d94aaae3a44208c7d58) Importer(815301076,1909f56bfc062723c751e8b465ee728b)
Start importing Assets/Scripts using Guid(1efb62dc8f359d94aaae3a44208c7d58) Importer(815301076,1909f56bfc062723c751e8b465ee728b)  -> (artifact id: '4d6ede3391d82c1697152734471511d4') in 0.072808 seconds
  Import took 0.103888 seconds .

========================================================================
Received Prepare
Registering precompiled user dll's ...
Registered in 0.007034 seconds.
Begin MonoManager ReloadAssembly
Native extension for WindowsStandalone target not found
Native extension for WebGL target not found
Refreshing native plugins compatible for Editor in 0.54 ms, found 2 plugins.
Preloading 0 native plugins for Editor in 0.00 ms.
Mono: successfully reloaded assembly
- Completed reload, in  1.880 seconds
Platform modules already initialized, skipping
Refreshing native plugins compatible for Editor in 0.60 ms, found 2 plugins.
Preloading 0 native plugins for Editor in 0.00 ms.
Unloading 1408 Unused Serialized files (Serialized files now loaded: 0)
System memory in use before: 84.2 MB.
System memory in use after: 84.3 MB.

Unloading 14 unused Assets to reduce memory usage. Loaded Objects now: 1994.
Total: 4.809033 ms (FindLiveObjects: 0.239180 ms CreateObjectMapping: 0.084338 ms MarkObjects: 4.212868 ms  DeleteObjects: 0.269524 ms)

========================================================================
Received Import Request.
  Time since last request: 405.308373 seconds.
  path: Assets/Scripts/CountDown1.cs
  artifactKey: Guid(4e4aec9aa48ae90479c958a180ad59fd) Importer(815301076,1909f56bfc062723c751e8b465ee728b)
Start importing Assets/Scripts/CountDown1.cs using Guid(4e4aec9aa48ae90479c958a180ad59fd) Importer(815301076,1909f56bfc062723c751e8b465ee728b)  -> (artifact id: 'c481306cc9e69442410d71fbdefe0e8f') in 0.197176 seconds
  Import took 0.266240 seconds .

========================================================================
Received Prepare
Registering precompiled user dll's ...
Registered in 0.008967 seconds.
Begin MonoManager ReloadAssembly
Native extension for WindowsStandalone target not found
Native extension for WebGL target not found
Refreshing native plugins compatible for Editor in 0.78 ms, found 2 plugins.
Preloading 0 native plugins for Editor in 0.00 ms.
Mono: successfully reloaded assembly
- Completed reload, in  2.377 seconds
Platform modules already initialized, skipping
Refreshing native plugins compatible for Editor in 0.77 ms, found 2 plugins.
Preloading 0 native plugins for Editor in 0.00 ms.
Unloading 1409 Unused Serialized files (Serialized files now loaded: 0)
System memory in use before: 84.2 MB.
System memory in use after: 84.3 MB.

Unloading 14 unused Assets to reduce memory usage. Loaded Objects now: 1998.
Total: 3.876410 ms (FindLiveObjects: 0.224454 ms CreateObjectMapping: 0.074521 ms MarkObjects: 3.333793 ms  DeleteObjects: 0.240965 ms)

========================================================================
Received Prepare
Registering precompiled user dll's ...
Registered in 0.007218 seconds.
Begin MonoManager ReloadAssembly
Native extension for WindowsStandalone target not found
Native extension for WebGL target not found
Refreshing native plugins compatible for Editor in 0.84 ms, found 2 plugins.
Preloading 0 native plugins for Editor in 0.00 ms.
Mono: successfully reloaded assembly
- Completed reload, in  2.621 seconds
Platform modules already initialized, skipping
Refreshing native plugins compatible for Editor in 0.86 ms, found 2 plugins.
Preloading 0 native plugins for Editor in 0.00 ms.
Unloading 1409 Unused Serialized files (Serialized files now loaded: 0)
System memory in use before: 84.2 MB.
System memory in use after: 84.3 MB.

Unloading 14 unused Assets to reduce memory usage. Loaded Objects now: 2001.
Total: 4.118267 ms (FindLiveObjects: 0.493978 ms CreateObjectMapping: 0.168229 ms MarkObjects: 3.311035 ms  DeleteObjects: 0.141009 ms)

========================================================================
Received Prepare
Registering precompiled user dll's ...
Registered in 0.006694 seconds.
Begin MonoManager ReloadAssembly
Native extension for WindowsStandalone target not found
Native extension for WebGL target not found
Refreshing native plugins compatible for Editor in 0.79 ms, found 2 plugins.
Preloading 0 native plugins for Editor in 0.00 ms.
Mono: successfully reloaded assembly
- Completed reload, in  2.015 seconds
Platform modules already initialized, skipping
Refreshing native plugins compatible for Editor in 0.56 ms, found 2 plugins.
Preloading 0 native plugins for Editor in 0.00 ms.
Unloading 1409 Unused Serialized files (Serialized files now loaded: 0)
System memory in use before: 84.2 MB.
System memory in use after: 84.3 MB.

Unloading 14 unused Assets to reduce memory usage. Loaded Objects now: 2004.
Total: 3.400281 ms (FindLiveObjects: 0.220438 ms CreateObjectMapping: 0.154396 ms MarkObjects: 2.886669 ms  DeleteObjects: 0.136547 ms)

========================================================================
Received Import Request.
  Time since last request: 401.328646 seconds.
  path: Assets/Animation/Count Down.controller
  artifactKey: Guid(74260c0651f7f764eae6bf651bd56b83) Importer(815301076,1909f56bfc062723c751e8b465ee728b)
Start importing Assets/Animation/Count Down.controller using Guid(74260c0651f7f764eae6bf651bd56b83) Importer(815301076,1909f56bfc062723c751e8b465ee728b)  -> (artifact id: '239bace4a8129ef503050d5241ebf94d') in 0.039071 seconds
  Import took 0.043804 seconds .

========================================================================
Received Import Request.
  Time since last request: 1.466747 seconds.
  path: Assets/Animation/Start Count.controller
  artifactKey: Guid(893b695b8dcf4044eb2a219f0fa697c0) Importer(815301076,1909f56bfc062723c751e8b465ee728b)
Start importing Assets/Animation/Start Count.controller using Guid(893b695b8dcf4044eb2a219f0fa697c0) Importer(815301076,1909f56bfc062723c751e8b465ee728b)  -> (artifact id: 'c400a8d20e3515e26e23d3aed15ababe') in 0.017203 seconds
  Import took 0.040305 seconds .

========================================================================
Received Import Request.
  Time since last request: 0.000533 seconds.
  path: Assets/Animation/Start Count.controller
  artifactKey: Guid(893b695b8dcf4044eb2a219f0fa697c0) Importer(815301076,1909f56bfc062723c751e8b465ee728b)
Start importing Assets/Animation/Start Count.controller using Guid(893b695b8dcf4044eb2a219f0fa697c0) Importer(815301076,1909f56bfc062723c751e8b465ee728b)  -> (artifact id: 'c400a8d20e3515e26e23d3aed15ababe') in 0.009228 seconds
  Import took 0.014171 seconds .

========================================================================
Received Import Request.
  Time since last request: 1.433628 seconds.
  path: Assets/Animation/StartCount.anim
  artifactKey: Guid(794d50a2e25770a4fb3ac0c9da644357) Importer(815301076,1909f56bfc062723c751e8b465ee728b)
Start importing Assets/Animation/StartCount.anim using Guid(794d50a2e25770a4fb3ac0c9da644357) Importer(815301076,1909f56bfc062723c751e8b465ee728b)  -> (artifact id: 'bc20b8a38404b22b16d91148e0d5791f') in 0.017772 seconds
  Import took 0.041492 seconds .

========================================================================
Received Prepare
Registering precompiled user dll's ...
Registered in 0.007389 seconds.
Begin MonoManager ReloadAssembly
Native extension for WindowsStandalone target not found
Native extension for WebGL target not found
Refreshing native plugins compatible for Editor in 0.78 ms, found 2 plugins.
Preloading 0 native plugins for Editor in 0.00 ms.
Mono: successfully reloaded assembly
- Completed reload, in  2.542 seconds
Platform modules already initialized, skipping
Refreshing native plugins compatible for Editor in 0.75 ms, found 2 plugins.
Preloading 0 native plugins for Editor in 0.00 ms.
Unloading 1409 Unused Serialized files (Serialized files now loaded: 0)
System memory in use before: 84.2 MB.
System memory in use after: 84.3 MB.

Unloading 14 unused Assets to reduce memory usage. Loaded Objects now: 2007.
Total: 3.517640 ms (FindLiveObjects: 0.237395 ms CreateObjectMapping: 0.082553 ms MarkObjects: 3.052667 ms  DeleteObjects: 0.141902 ms)

========================================================================
Received Import Request.
  Time since last request: 44.561973 seconds.
  path: Assets/Audio
  artifactKey: Guid(5ae4c2ad88248d34d9ad579a7551f31a) Importer(815301076,1909f56bfc062723c751e8b465ee728b)
Start importing Assets/Audio using Guid(5ae4c2ad88248d34d9ad579a7551f31a) Importer(815301076,1909f56bfc062723c751e8b465ee728b)  -> (artifact id: '9d0614f9f9a34318a67760d8b0d7d839') in 0.021888 seconds
  Import took 0.052858 seconds .

========================================================================
Received Import Request.
  Time since last request: 28.989919 seconds.
  path: Assets/Scipts/CountDown2.cs
  artifactKey: Guid(f03bb8211f6260f489209a72cdc522ae) Importer(815301076,1909f56bfc062723c751e8b465ee728b)
Start importing Assets/Scipts/CountDown2.cs using Guid(f03bb8211f6260f489209a72cdc522ae) Importer(815301076,1909f56bfc062723c751e8b465ee728b)  -> (artifact id: '4e2a15297250f15af30b72aa98ae0a9e') in 0.018642 seconds
  Import took 0.061440 seconds .

========================================================================
Received Prepare
Registering precompiled user dll's ...
Registered in 0.005385 seconds.
Begin MonoManager ReloadAssembly
Native extension for WindowsStandalone target not found
Native extension for WebGL target not found
Refreshing native plugins compatible for Editor in 0.62 ms, found 2 plugins.
Preloading 0 native plugins for Editor in 0.00 ms.
Mono: successfully reloaded assembly
- Completed reload, in  1.848 seconds
Platform modules already initialized, skipping
Refreshing native plugins compatible for Editor in 0.89 ms, found 2 plugins.
Preloading 0 native plugins for Editor in 0.00 ms.
Unloading 1410 Unused Serialized files (Serialized files now loaded: 0)
System memory in use before: 84.3 MB.
System memory in use after: 84.3 MB.

Unloading 14 unused Assets to reduce memory usage. Loaded Objects now: 2011.
Total: 12.663594 ms (FindLiveObjects: 0.434183 ms CreateObjectMapping: 0.728249 ms MarkObjects: 11.288756 ms  DeleteObjects: 0.209729 ms)

========================================================================
Received Prepare
Registering precompiled user dll's ...
Registered in 0.006630 seconds.
Begin MonoManager ReloadAssembly
Native extension for WindowsStandalone target not found
Native extension for WebGL target not found
Refreshing native plugins compatible for Editor in 0.91 ms, found 2 plugins.
Preloading 0 native plugins for Editor in 0.00 ms.
Mono: successfully reloaded assembly
- Completed reload, in  1.930 seconds
Platform modules already initialized, skipping
Refreshing native plugins compatible for Editor in 0.61 ms, found 2 plugins.
Preloading 0 native plugins for Editor in 0.00 ms.
Unloading 1408 Unused Serialized files (Serialized files now loaded: 0)
System memory in use before: 84.2 MB.
System memory in use after: 84.3 MB.

Unloading 16 unused Assets to reduce memory usage. Loaded Objects now: 2012.
Total: 3.620273 ms (FindLiveObjects: 0.243642 ms CreateObjectMapping: 0.084338 ms MarkObjects: 3.137897 ms  DeleteObjects: 0.150380 ms)

========================================================================
Received Prepare
Registering precompiled user dll's ...
Registered in 0.016162 seconds.
Begin MonoManager ReloadAssembly
Native extension for WindowsStandalone target not found
Native extension for WebGL target not found
Refreshing native plugins compatible for Editor in 0.60 ms, found 2 plugins.
Preloading 0 native plugins for Editor in 0.00 ms.
Mono: successfully reloaded assembly
- Completed reload, in  2.614 seconds
Platform modules already initialized, skipping
Refreshing native plugins compatible for Editor in 1.14 ms, found 2 plugins.
Preloading 0 native plugins for Editor in 0.00 ms.
Unloading 1408 Unused Serialized files (Serialized files now loaded: 0)
System memory in use before: 84.2 MB.
System memory in use after: 84.3 MB.

Unloading 14 unused Assets to reduce memory usage. Loaded Objects now: 2015.
Total: 2.903180 ms (FindLiveObjects: 0.220884 ms CreateObjectMapping: 0.079875 ms MarkObjects: 2.453379 ms  DeleteObjects: 0.146364 ms)

========================================================================
Received Import Request.
  Time since last request: 640.276205 seconds.
  path: Assets/Scipts/CountDown.cs
  artifactKey: Guid(bb0f4eec98bc8e24594ae016a233d400) Importer(815301076,1909f56bfc062723c751e8b465ee728b)
Start importing Assets/Scipts/CountDown.cs using Guid(bb0f4eec98bc8e24594ae016a233d400) Importer(815301076,1909f56bfc062723c751e8b465ee728b)  -> (artifact id: '4a928d2a7bf256229aabf4ddbda69294') in 0.012581 seconds
  Import took 0.046849 seconds .

========================================================================
Received Prepare
Registering precompiled user dll's ...
Registered in 0.004717 seconds.
Begin MonoManager ReloadAssembly
Native extension for WindowsStandalone target not found
Native extension for WebGL target not found
Refreshing native plugins compatible for Editor in 0.57 ms, found 2 plugins.
Preloading 0 native plugins for Editor in 0.00 ms.
Mono: successfully reloaded assembly
- Completed reload, in  2.422 seconds
Platform modules already initialized, skipping
Refreshing native plugins compatible for Editor in 0.59 ms, found 2 plugins.
Preloading 0 native plugins for Editor in 0.00 ms.
Unloading 1408 Unused Serialized files (Serialized files now loaded: 0)
System memory in use before: 84.2 MB.
System memory in use after: 84.3 MB.

Unloading 14 unused Assets to reduce memory usage. Loaded Objects now: 2018.
Total: 3.095952 ms (FindLiveObjects: 0.223562 ms CreateObjectMapping: 0.073628 ms MarkObjects: 2.655522 ms  DeleteObjects: 0.140563 ms)

========================================================================
Received Prepare
Registering precompiled user dll's ...
Registered in 0.006866 seconds.
Begin MonoManager ReloadAssembly
Native extension for WindowsStandalone target not found
Native extension for WebGL target not found
Refreshing native plugins compatible for Editor in 0.58 ms, found 2 plugins.
Preloading 0 native plugins for Editor in 0.00 ms.
Mono: successfully reloaded assembly
- Completed reload, in  1.793 seconds
Platform modules already initialized, skipping
Refreshing native plugins compatible for Editor in 0.58 ms, found 2 plugins.
Preloading 0 native plugins for Editor in 0.00 ms.
Unloading 1408 Unused Serialized files (Serialized files now loaded: 0)
System memory in use before: 84.2 MB.
System memory in use after: 84.3 MB.

Unloading 14 unused Assets to reduce memory usage. Loaded Objects now: 2021.
Total: 3.152623 ms (FindLiveObjects: 0.275325 ms CreateObjectMapping: 0.076752 ms MarkObjects: 2.664892 ms  DeleteObjects: 0.133423 ms)

========================================================================
Received Prepare
Registering precompiled user dll's ...
Registered in 0.007230 seconds.
Begin MonoManager ReloadAssembly
Native extension for WindowsStandalone target not found
Native extension for WebGL target not found
Refreshing native plugins compatible for Editor in 0.68 ms, found 2 plugins.
Preloading 0 native plugins for Editor in 0.00 ms.
Mono: successfully reloaded assembly
- Completed reload, in  1.998 seconds
Platform modules already initialized, skipping
Refreshing native plugins compatible for Editor in 0.53 ms, found 2 plugins.
Preloading 0 native plugins for Editor in 0.00 ms.
Unloading 1408 Unused Serialized files (Serialized files now loaded: 0)
System memory in use before: 84.2 MB.
System memory in use after: 84.3 MB.

Unloading 14 unused Assets to reduce memory usage. Loaded Objects now: 2024.
Total: 3.216434 ms (FindLiveObjects: 0.218653 ms CreateObjectMapping: 0.070505 ms MarkObjects: 2.796531 ms  DeleteObjects: 0.128961 ms)

========================================================================
Received Prepare
Registering precompiled user dll's ...
Registered in 0.005745 seconds.
Begin MonoManager ReloadAssembly
Native extension for WindowsStandalone target not found
Native extension for WebGL target not found
Refreshing native plugins compatible for Editor in 0.87 ms, found 2 plugins.
Preloading 0 native plugins for Editor in 0.00 ms.
Mono: successfully reloaded assembly
- Completed reload, in  2.711 seconds
Platform modules already initialized, skipping
Refreshing native plugins compatible for Editor in 0.60 ms, found 2 plugins.
Preloading 0 native plugins for Editor in 0.00 ms.
Unloading 1408 Unused Serialized files (Serialized files now loaded: 0)
System memory in use before: 84.3 MB.
System memory in use after: 84.3 MB.

Unloading 14 unused Assets to reduce memory usage. Loaded Objects now: 2027.
Total: 3.359674 ms (FindLiveObjects: 0.239180 ms CreateObjectMapping: 0.084338 ms MarkObjects: 2.889793 ms  DeleteObjects: 0.144133 ms)

========================================================================
Received Prepare
Registering precompiled user dll's ...
Registered in 0.004968 seconds.
Begin MonoManager ReloadAssembly
Native extension for WindowsStandalone target not found
Native extension for WebGL target not found
Refreshing native plugins compatible for Editor in 0.71 ms, found 2 plugins.
Preloading 0 native plugins for Editor in 0.00 ms.
Mono: successfully reloaded assembly
- Completed reload, in  1.765 seconds
Platform modules already initialized, skipping
Refreshing native plugins compatible for Editor in 0.57 ms, found 2 plugins.
Preloading 0 native plugins for Editor in 0.00 ms.
Unloading 1408 Unused Serialized files (Serialized files now loaded: 0)
System memory in use before: 84.3 MB.
System memory in use after: 84.3 MB.

Unloading 14 unused Assets to reduce memory usage. Loaded Objects now: 2030.
Total: 3.133435 ms (FindLiveObjects: 0.225793 ms CreateObjectMapping: 0.075413 ms MarkObjects: 2.700591 ms  DeleteObjects: 0.128961 ms)

========================================================================
Received Prepare
Registering precompiled user dll's ...
Registered in 0.005533 seconds.
Begin MonoManager ReloadAssembly
Native extension for WindowsStandalone target not found
Native extension for WebGL target not found
Refreshing native plugins compatible for Editor in 0.56 ms, found 2 plugins.
Preloading 0 native plugins for Editor in 0.00 ms.
Mono: successfully reloaded assembly
- Completed reload, in  1.676 seconds
Platform modules already initialized, skipping
Refreshing native plugins compatible for Editor in 0.53 ms, found 2 plugins.
Preloading 0 native plugins for Editor in 0.00 ms.
Unloading 1408 Unused Serialized files (Serialized files now loaded: 0)
System memory in use before: 84.2 MB.
System memory in use after: 84.3 MB.

Unloading 14 unused Assets to reduce memory usage. Loaded Objects now: 2033.
Total: 3.047759 ms (FindLiveObjects: 0.226685 ms CreateObjectMapping: 0.073628 ms MarkObjects: 2.608667 ms  DeleteObjects: 0.135654 ms)

AssetImportWorkerClient::OnTransportError - code=2 error=End of file
