Using pre-set license
Built from '2020.3/staging' branch; Version is '2020.3.11f1 (99c7afb366b3) revision 10078127'; Using compiler version '192528614'; Build Type 'Release'
OS: 'Windows 10 Pro; OS build 17134.648; Version 1803; 64bit' Language: 'en' Physical Memory: 8139 MB
BatchMode: 1, IsHumanControllingUs: 0, StartBugReporterOnCrash: 0, Is64bit: 1, IsPro: 0

 COMMAND LINE ARGUMENTS:
C:\Program Files\Unity\Hub\Editor\2020.3.11f1\Editor\Unity.exe
-adb2
-batchMode
-noUpm
-name
AssetImportWorker0
-projectPath
D:/3D + game development/game development/Unity Projects/3D Racing Cars/3D-Racing-Cars-/3D Racing Car
-logFile
Logs/AssetImportWorker0.log
-srvPort
64417
Successfully changed project path to: D:/3D + game development/game development/Unity Projects/3D Racing Cars/3D-Racing-Cars-/3D Racing Car
D:/3D + game development/game development/Unity Projects/3D Racing Cars/3D-Racing-Cars-/3D Racing Car
Using Asset Import Pipeline V2.
Refreshing native plugins compatible for Editor in 58.52 ms, found 2 plugins.
Preloading 0 native plugins for Editor in 0.00 ms.
Initialize engine version: 2020.3.11f1 (99c7afb366b3)
[Subsystems] Discovering subsystems at path C:/Program Files/Unity/Hub/Editor/2020.3.11f1/Editor/Data/Resources/UnitySubsystems
[Subsystems] Discovering subsystems at path D:/3D + game development/game development/Unity Projects/3D Racing Cars/3D-Racing-Cars-/3D Racing Car/Assets
GfxDevice: creating device client; threaded=0
Direct3D:
    Version:  Direct3D 11.0 [level 10.1]
    Renderer: Intel(R) HD Graphics 3000 (ID=0x116)
    Vendor:   
    VRAM:     128 MB
    Driver:   9.17.10.4229
Initialize mono
Mono path[0] = 'C:/Program Files/Unity/Hub/Editor/2020.3.11f1/Editor/Data/Managed'
Mono path[1] = 'C:/Program Files/Unity/Hub/Editor/2020.3.11f1/Editor/Data/MonoBleedingEdge/lib/mono/unityjit'
Mono config path = 'C:/Program Files/Unity/Hub/Editor/2020.3.11f1/Editor/Data/MonoBleedingEdge/etc'
Using monoOptions --debugger-agent=transport=dt_socket,embedding=1,server=y,suspend=n,address=127.0.0.1:56480
Begin MonoManager ReloadAssembly
Registering precompiled unity dll's ...
Register platform support module: C:/Program Files/Unity/Hub/Editor/2020.3.11f1/Editor/Data/PlaybackEngines/WebGLSupport/UnityEditor.WebGL.Extensions.dll
Register platform support module: C:/Program Files/Unity/Hub/Editor/2020.3.11f1/Editor/Data/PlaybackEngines/WindowsStandaloneSupport/UnityEditor.WindowsStandalone.Extensions.dll
Registered in 0.004576 seconds.
Native extension for WindowsStandalone target not found
Native extension for WebGL target not found
Refreshing native plugins compatible for Editor in 1835.68 ms, found 2 plugins.
Preloading 0 native plugins for Editor in 0.00 ms.
Mono: successfully reloaded assembly
- Completed reload, in  9.491 seconds
Platform modules already initialized, skipping
Registering precompiled user dll's ...
Registered in 0.008656 seconds.
Begin MonoManager ReloadAssembly
Native extension for WindowsStandalone target not found
Native extension for WebGL target not found
Refreshing native plugins compatible for Editor in 0.76 ms, found 2 plugins.
Preloading 0 native plugins for Editor in 0.00 ms.
Mono: successfully reloaded assembly
- Completed reload, in  5.892 seconds
Platform modules already initialized, skipping
========================================================================
Worker process is ready to serve import requests
Launched and connected shader compiler UnityShaderCompiler.exe after 0.16 seconds
Refreshing native plugins compatible for Editor in 0.89 ms, found 2 plugins.
Preloading 0 native plugins for Editor in 0.00 ms.
Unloading 1417 Unused Serialized files (Serialized files now loaded: 0)
System memory in use before: 81.0 MB.
System memory in use after: 81.1 MB.

Unloading 19 unused Assets to reduce memory usage. Loaded Objects now: 1878.
Total: 4.887979 ms (FindLiveObjects: 0.223560 ms CreateObjectMapping: 0.087014 ms MarkObjects: 4.367231 ms  DeleteObjects: 0.207496 ms)

========================================================================
Received Import Request.
  path: Assets/Scipts/Tracker.cs
  artifactKey: Guid(384f5520399d1de488df0ecad4327dac) Importer(815301076,1909f56bfc062723c751e8b465ee728b)
Start importing Assets/Scipts/Tracker.cs using Guid(384f5520399d1de488df0ecad4327dac) Importer(815301076,1909f56bfc062723c751e8b465ee728b)  -> (artifact id: 'b7b6ca0801d8ef42f269354984c804b8') in 0.046878 seconds
  Import took 0.052755 seconds .

========================================================================
Received Import Request.
  Time since last request: 0.000498 seconds.
  path: Assets/Scipts/HalfPointTrig.cs
  artifactKey: Guid(41b9ed15bc911dd40a5d892e0cb7530d) Importer(815301076,1909f56bfc062723c751e8b465ee728b)
Start importing Assets/Scipts/HalfPointTrig.cs using Guid(41b9ed15bc911dd40a5d892e0cb7530d) Importer(815301076,1909f56bfc062723c751e8b465ee728b)  -> (artifact id: 'fb35408156fa7b0d94501e1dd97a35b4') in 0.091416 seconds
  Import took 0.189936 seconds .

========================================================================
Received Import Request.
  Time since last request: 0.000112 seconds.
  path: Assets/Scipts/LapTimeManager.cs
  artifactKey: Guid(94a8ba0a7ec1cc54180f5c6c62042e9f) Importer(815301076,1909f56bfc062723c751e8b465ee728b)
Start importing Assets/Scipts/LapTimeManager.cs using Guid(94a8ba0a7ec1cc54180f5c6c62042e9f) Importer(815301076,1909f56bfc062723c751e8b465ee728b)  -> (artifact id: 'f704e7d3deb98eac12ee37734ee5ec93') in 0.027285 seconds
  Import took 0.153484 seconds .

========================================================================
Received Import Request.
  Time since last request: 0.348718 seconds.
  path: Assets/Scipts/CountDown.cs
  artifactKey: Guid(bb0f4eec98bc8e24594ae016a233d400) Importer(815301076,1909f56bfc062723c751e8b465ee728b)
Start importing Assets/Scipts/CountDown.cs using Guid(bb0f4eec98bc8e24594ae016a233d400) Importer(815301076,1909f56bfc062723c751e8b465ee728b)  -> (artifact id: '1a55e8bac41991e0f47a1d22099f9431') in 0.041641 seconds
  Import took 0.065495 seconds .

========================================================================
Received Prepare
Registering precompiled user dll's ...
Registered in 0.010834 seconds.
Begin MonoManager ReloadAssembly
Native extension for WindowsStandalone target not found
Native extension for WebGL target not found
Refreshing native plugins compatible for Editor in 0.55 ms, found 2 plugins.
Preloading 0 native plugins for Editor in 0.00 ms.
Mono: successfully reloaded assembly
- Completed reload, in  1.985 seconds
Platform modules already initialized, skipping
Refreshing native plugins compatible for Editor in 0.54 ms, found 2 plugins.
Preloading 0 native plugins for Editor in 0.00 ms.
Unloading 1409 Unused Serialized files (Serialized files now loaded: 0)
System memory in use before: 80.6 MB.
System memory in use after: 80.7 MB.

Unloading 14 unused Assets to reduce memory usage. Loaded Objects now: 1881.
Total: 3.100837 ms (FindLiveObjects: 0.197679 ms CreateObjectMapping: 0.070058 ms MarkObjects: 2.699678 ms  DeleteObjects: 0.131637 ms)

========================================================================
Received Import Request.
  Time since last request: 855.017688 seconds.
  path: Assets/Scipts/CountDown.cs
  artifactKey: Guid(bb0f4eec98bc8e24594ae016a233d400) Importer(815301076,1909f56bfc062723c751e8b465ee728b)
Start importing Assets/Scipts/CountDown.cs using Guid(bb0f4eec98bc8e24594ae016a233d400) Importer(815301076,1909f56bfc062723c751e8b465ee728b)  -> (artifact id: '526b74958286ccfbb8c8f4cc5cbe863d') in 0.009351 seconds
  Import took 0.014730 seconds .

========================================================================
Received Import Request.
  Time since last request: 1.082825 seconds.
  path: Assets/Scipts/CountDown.cs
  artifactKey: Guid(bb0f4eec98bc8e24594ae016a233d400) Importer(815301076,1909f56bfc062723c751e8b465ee728b)
Start importing Assets/Scipts/CountDown.cs using Guid(bb0f4eec98bc8e24594ae016a233d400) Importer(815301076,1909f56bfc062723c751e8b465ee728b)  -> (artifact id: '526b74958286ccfbb8c8f4cc5cbe863d') in 0.004685 seconds
  Import took 0.008354 seconds .

========================================================================
Received Prepare
Registering precompiled user dll's ...
Registered in 0.005972 seconds.
Begin MonoManager ReloadAssembly
Native extension for WindowsStandalone target not found
Native extension for WebGL target not found
Refreshing native plugins compatible for Editor in 0.58 ms, found 2 plugins.
Preloading 0 native plugins for Editor in 0.00 ms.
Mono: successfully reloaded assembly
- Completed reload, in  1.841 seconds
Platform modules already initialized, skipping
Refreshing native plugins compatible for Editor in 0.52 ms, found 2 plugins.
Preloading 0 native plugins for Editor in 0.00 ms.
Unloading 1409 Unused Serialized files (Serialized files now loaded: 0)
System memory in use before: 80.7 MB.
System memory in use after: 80.8 MB.

Unloading 14 unused Assets to reduce memory usage. Loaded Objects now: 1884.
Total: 3.417658 ms (FindLiveObjects: 0.218205 ms CreateObjectMapping: 0.085230 ms MarkObjects: 2.854965 ms  DeleteObjects: 0.256581 ms)

========================================================================
Received Prepare
Registering precompiled user dll's ...
Registered in 0.005818 seconds.
Begin MonoManager ReloadAssembly
Native extension for WindowsStandalone target not found
Native extension for WebGL target not found
Refreshing native plugins compatible for Editor in 0.57 ms, found 2 plugins.
Preloading 0 native plugins for Editor in 0.00 ms.
Mono: successfully reloaded assembly
- Completed reload, in  2.171 seconds
Platform modules already initialized, skipping
Refreshing native plugins compatible for Editor in 0.72 ms, found 2 plugins.
Preloading 0 native plugins for Editor in 0.00 ms.
Unloading 1409 Unused Serialized files (Serialized files now loaded: 0)
System memory in use before: 80.7 MB.
System memory in use after: 80.8 MB.

Unloading 14 unused Assets to reduce memory usage. Loaded Objects now: 1887.
Total: 5.012030 ms (FindLiveObjects: 0.197233 ms CreateObjectMapping: 0.113788 ms MarkObjects: 4.516271 ms  DeleteObjects: 0.182507 ms)

========================================================================
Received Prepare
Registering precompiled user dll's ...
Registered in 0.007849 seconds.
Begin MonoManager ReloadAssembly
Native extension for WindowsStandalone target not found
Native extension for WebGL target not found
Refreshing native plugins compatible for Editor in 0.67 ms, found 2 plugins.
Preloading 0 native plugins for Editor in 0.00 ms.
Mono: successfully reloaded assembly
- Completed reload, in  2.912 seconds
Platform modules already initialized, skipping
Refreshing native plugins compatible for Editor in 1.15 ms, found 2 plugins.
Preloading 0 native plugins for Editor in 0.00 ms.
Unloading 1409 Unused Serialized files (Serialized files now loaded: 0)
System memory in use before: 80.7 MB.
System memory in use after: 80.8 MB.

Unloading 14 unused Assets to reduce memory usage. Loaded Objects now: 1890.
Total: 5.542595 ms (FindLiveObjects: 0.365907 ms CreateObjectMapping: 0.302096 ms MarkObjects: 4.664865 ms  DeleteObjects: 0.206603 ms)

========================================================================
Received Import Request.
  Time since last request: 244.461655 seconds.
  path: Assets/Scipts/CameraChange.cs
  artifactKey: Guid(0fa5688dbb46af847805bccc0bd10914) Importer(815301076,1909f56bfc062723c751e8b465ee728b)
Start importing Assets/Scipts/CameraChange.cs using Guid(0fa5688dbb46af847805bccc0bd10914) Importer(815301076,1909f56bfc062723c751e8b465ee728b)  -> (artifact id: 'e28f94e263766f1315786b96368cfd25') in 0.041575 seconds
  Import took 0.048534 seconds .

========================================================================
Received Prepare
Registering precompiled user dll's ...
Registered in 0.010311 seconds.
Begin MonoManager ReloadAssembly
Native extension for WindowsStandalone target not found
Native extension for WebGL target not found
Refreshing native plugins compatible for Editor in 1.08 ms, found 2 plugins.
Preloading 0 native plugins for Editor in 0.00 ms.
Mono: successfully reloaded assembly
- Completed reload, in  4.277 seconds
Platform modules already initialized, skipping
Refreshing native plugins compatible for Editor in 0.89 ms, found 2 plugins.
Preloading 0 native plugins for Editor in 0.00 ms.
Unloading 1410 Unused Serialized files (Serialized files now loaded: 0)
System memory in use before: 80.7 MB.
System memory in use after: 80.8 MB.

Unloading 14 unused Assets to reduce memory usage. Loaded Objects now: 1894.
Total: 4.241841 ms (FindLiveObjects: 0.346273 ms CreateObjectMapping: 0.088353 ms MarkObjects: 3.585440 ms  DeleteObjects: 0.218205 ms)

========================================================================
Received Prepare
Registering precompiled user dll's ...
Registered in 0.005094 seconds.
Begin MonoManager ReloadAssembly
Native extension for WindowsStandalone target not found
Native extension for WebGL target not found
Refreshing native plugins compatible for Editor in 0.50 ms, found 2 plugins.
Preloading 0 native plugins for Editor in 0.00 ms.
Mono: successfully reloaded assembly
- Completed reload, in  1.987 seconds
Platform modules already initialized, skipping
Refreshing native plugins compatible for Editor in 0.51 ms, found 2 plugins.
Preloading 0 native plugins for Editor in 0.00 ms.
Unloading 1410 Unused Serialized files (Serialized files now loaded: 0)
System memory in use before: 80.7 MB.
System memory in use after: 80.8 MB.

Unloading 14 unused Assets to reduce memory usage. Loaded Objects now: 1897.
Total: 3.478345 ms (FindLiveObjects: 0.232485 ms CreateObjectMapping: 0.086568 ms MarkObjects: 3.019177 ms  DeleteObjects: 0.138331 ms)

========================================================================
Received Import Request.
  Time since last request: 1187.488630 seconds.
  path: Assets/Scipts/CameraChange.cs
  artifactKey: Guid(0fa5688dbb46af847805bccc0bd10914) Importer(815301076,1909f56bfc062723c751e8b465ee728b)
Start importing Assets/Scipts/CameraChange.cs using Guid(0fa5688dbb46af847805bccc0bd10914) Importer(815301076,1909f56bfc062723c751e8b465ee728b)  -> (artifact id: 'd919c744c5c7f25b8ebf80c6241ea130') in 0.007675 seconds
  Import took 0.239999 seconds .

========================================================================
Received Prepare
Registering precompiled user dll's ...
Registered in 0.005668 seconds.
Begin MonoManager ReloadAssembly
Native extension for WindowsStandalone target not found
Native extension for WebGL target not found
Refreshing native plugins compatible for Editor in 0.59 ms, found 2 plugins.
Preloading 0 native plugins for Editor in 0.00 ms.
Mono: successfully reloaded assembly
- Completed reload, in  2.213 seconds
Platform modules already initialized, skipping
Refreshing native plugins compatible for Editor in 0.57 ms, found 2 plugins.
Preloading 0 native plugins for Editor in 0.00 ms.
Unloading 1410 Unused Serialized files (Serialized files now loaded: 0)
System memory in use before: 80.8 MB.
System memory in use after: 80.8 MB.

Unloading 14 unused Assets to reduce memory usage. Loaded Objects now: 1900.
Total: 4.290926 ms (FindLiveObjects: 0.214636 ms CreateObjectMapping: 0.083891 ms MarkObjects: 3.820602 ms  DeleteObjects: 0.170013 ms)

========================================================================
Received Prepare
Registering precompiled user dll's ...
Registered in 0.006564 seconds.
Begin MonoManager ReloadAssembly
Native extension for WindowsStandalone target not found
Native extension for WebGL target not found
Refreshing native plugins compatible for Editor in 0.98 ms, found 2 plugins.
Preloading 0 native plugins for Editor in 0.00 ms.
Mono: successfully reloaded assembly
- Completed reload, in  2.244 seconds
Platform modules already initialized, skipping
Refreshing native plugins compatible for Editor in 0.65 ms, found 2 plugins.
Preloading 0 native plugins for Editor in 0.00 ms.
Unloading 1410 Unused Serialized files (Serialized files now loaded: 0)
System memory in use before: 80.8 MB.
System memory in use after: 80.8 MB.

Unloading 14 unused Assets to reduce memory usage. Loaded Objects now: 1903.
Total: 4.108419 ms (FindLiveObjects: 0.385541 ms CreateObjectMapping: 0.127621 ms MarkObjects: 3.400702 ms  DeleteObjects: 0.191432 ms)

========================================================================
Received Prepare
Registering precompiled user dll's ...
Registered in 0.005620 seconds.
Begin MonoManager ReloadAssembly
Native extension for WindowsStandalone target not found
Native extension for WebGL target not found
Refreshing native plugins compatible for Editor in 0.63 ms, found 2 plugins.
Preloading 0 native plugins for Editor in 0.00 ms.
Mono: successfully reloaded assembly
- Completed reload, in  2.176 seconds
Platform modules already initialized, skipping
Refreshing native plugins compatible for Editor in 0.58 ms, found 2 plugins.
Preloading 0 native plugins for Editor in 0.00 ms.
Unloading 1410 Unused Serialized files (Serialized files now loaded: 0)
System memory in use before: 80.8 MB.
System memory in use after: 80.8 MB.

Unloading 14 unused Assets to reduce memory usage. Loaded Objects now: 1906.
Total: 3.228458 ms (FindLiveObjects: 0.219098 ms CreateObjectMapping: 0.079875 ms MarkObjects: 2.776875 ms  DeleteObjects: 0.151271 ms)

========================================================================
Received Prepare
Registering precompiled user dll's ...
Registered in 0.007741 seconds.
Begin MonoManager ReloadAssembly
Native extension for WindowsStandalone target not found
Native extension for WebGL target not found
Refreshing native plugins compatible for Editor in 0.78 ms, found 2 plugins.
Preloading 0 native plugins for Editor in 0.00 ms.
Mono: successfully reloaded assembly
- Completed reload, in  2.551 seconds
Platform modules already initialized, skipping
Refreshing native plugins compatible for Editor in 0.87 ms, found 2 plugins.
Preloading 0 native plugins for Editor in 0.00 ms.
Unloading 1410 Unused Serialized files (Serialized files now loaded: 0)
System memory in use before: 80.8 MB.
System memory in use after: 80.8 MB.

Unloading 14 unused Assets to reduce memory usage. Loaded Objects now: 1909.
Total: 3.600166 ms (FindLiveObjects: 0.253011 ms CreateObjectMapping: 0.084337 ms MarkObjects: 3.111100 ms  DeleteObjects: 0.149486 ms)

========================================================================
Received Prepare
Registering precompiled user dll's ...
Registered in 0.007405 seconds.
Begin MonoManager ReloadAssembly
Native extension for WindowsStandalone target not found
Native extension for WebGL target not found
Refreshing native plugins compatible for Editor in 0.61 ms, found 2 plugins.
Preloading 0 native plugins for Editor in 0.00 ms.
Mono: successfully reloaded assembly
- Completed reload, in  2.491 seconds
Platform modules already initialized, skipping
Refreshing native plugins compatible for Editor in 0.87 ms, found 2 plugins.
Preloading 0 native plugins for Editor in 0.00 ms.
Unloading 1410 Unused Serialized files (Serialized files now loaded: 0)
System memory in use before: 80.8 MB.
System memory in use after: 80.8 MB.

Unloading 14 unused Assets to reduce memory usage. Loaded Objects now: 1912.
Total: 4.129392 ms (FindLiveObjects: 0.227130 ms CreateObjectMapping: 0.081213 ms MarkObjects: 3.663084 ms  DeleteObjects: 0.155733 ms)

========================================================================
Received Import Request.
  Time since last request: 463.368425 seconds.
  path: Assets/Scipts/CountDown.cs
  artifactKey: Guid(bb0f4eec98bc8e24594ae016a233d400) Importer(815301076,1909f56bfc062723c751e8b465ee728b)
Start importing Assets/Scipts/CountDown.cs using Guid(bb0f4eec98bc8e24594ae016a233d400) Importer(815301076,1909f56bfc062723c751e8b465ee728b)  -> (artifact id: 'c0705fcf14ccdd049d19e45b8f590685') in 0.011259 seconds
  Import took 0.051070 seconds .

========================================================================
Received Import Request.
  Time since last request: 0.022461 seconds.
  path: Assets/Scipts/CountDown.cs
  artifactKey: Guid(bb0f4eec98bc8e24594ae016a233d400) Importer(815301076,1909f56bfc062723c751e8b465ee728b)
Start importing Assets/Scipts/CountDown.cs using Guid(bb0f4eec98bc8e24594ae016a233d400) Importer(815301076,1909f56bfc062723c751e8b465ee728b)  -> (artifact id: 'c0705fcf14ccdd049d19e45b8f590685') in 0.005386 seconds
  Import took 0.009858 seconds .

========================================================================
Received Prepare
Registering precompiled user dll's ...
Registered in 0.006905 seconds.
Begin MonoManager ReloadAssembly
Native extension for WindowsStandalone target not found
Native extension for WebGL target not found
Refreshing native plugins compatible for Editor in 0.56 ms, found 2 plugins.
Preloading 0 native plugins for Editor in 0.00 ms.
Mono: successfully reloaded assembly
- Completed reload, in  1.982 seconds
Platform modules already initialized, skipping
Refreshing native plugins compatible for Editor in 0.79 ms, found 2 plugins.
Preloading 0 native plugins for Editor in 0.00 ms.
Unloading 1410 Unused Serialized files (Serialized files now loaded: 0)
System memory in use before: 80.8 MB.
System memory in use after: 80.9 MB.

Unloading 14 unused Assets to reduce memory usage. Loaded Objects now: 1915.
Total: 7.566238 ms (FindLiveObjects: 0.658632 ms CreateObjectMapping: 0.184738 ms MarkObjects: 6.375702 ms  DeleteObjects: 0.341810 ms)

